2024-07-26 09:48:48 [INFO]: 18839b9b-5d21-4793-b175-3790dd7302eg: Зашёл на сервер 127.0.0.1
2024-07-26 09:48:49 [INFO]: 18839b9b-5d21-4793-b175-3790dd7302eg: Заспавнился на сервере 127.0.0.1
2024-07-26 09:48:52 [INFO]: 18839b9b-5d21-4793-b175-3790dd7302eg: Получил сообщение Your game mode has been updated to Survival Mode
2024-07-26 09:48:59 [INFO]: 18839b9b-5d21-4793-b175-3790dd7302eg: Получил сообщение Zancerio3 was slain by Zancerio
2024-07-26 12:01:11 [INFO]: 18839b9b-5d21-4793-b175-3790dd7302eg: Зашёл на сервер 127.0.0.1
2024-07-26 12:01:12 [WARN]: 18839b9b-5d21-4793-b175-3790dd7302eg: Был убит
2024-07-26 12:01:12 [INFO]: 18839b9b-5d21-4793-b175-3790dd7302eg: Заспавнился на сервере 127.0.0.1
2024-07-26 12:03:59 [INFO]: 18839b9b-5d21-4793-b175-3790dd7302eg: Запустил кликер атаки с интервалом 700
2024-07-26 12:03:59 [INFO]: 18839b9b-5d21-4793-b175-3790dd7302eg: Запустил автоеду
2024-07-26 12:03:59 [INFO]: 18839b9b-5d21-4793-b175-3790dd7302eg: Запустил автофарм
2024-07-26 12:04:05 [INFO]: 18839b9b-5d21-4793-b175-3790dd7302eg: Получил сообщение Zancerio3 has made the advancement chat.square_brackets
2024-07-26 12:05:25 [INFO]: 18839b9b-5d21-4793-b175-3790dd7302eg: Запустил ходьбу вперед
2024-07-26 12:05:25 [INFO]: 18839b9b-5d21-4793-b175-3790dd7302eg: Остановил ходьбу вперед
2024-07-26 12:05:25 [INFO]: 18839b9b-5d21-4793-b175-3790dd7302eg: Запустил ходьбу вправо
2024-07-26 12:05:25 [INFO]: 18839b9b-5d21-4793-b175-3790dd7302eg: Остановил ходьбу вправо
2024-07-26 12:05:26 [INFO]: 18839b9b-5d21-4793-b175-3790dd7302eg: Запустил ходьбу вперед
2024-07-26 12:05:26 [INFO]: 18839b9b-5d21-4793-b175-3790dd7302eg: Остановил ходьбу вперед
2024-07-26 12:05:27 [INFO]: 18839b9b-5d21-4793-b175-3790dd7302eg: Запустил ходьбу влево
2024-07-26 12:05:27 [INFO]: 18839b9b-5d21-4793-b175-3790dd7302eg: Остановил ходьбу влево
2024-07-26 12:05:28 [INFO]: 18839b9b-5d21-4793-b175-3790dd7302eg: Запустил ходьбу влево
2024-07-26 12:05:28 [INFO]: 18839b9b-5d21-4793-b175-3790dd7302eg: Остановил ходьбу влево
2024-07-26 12:05:39 [INFO]: 18839b9b-5d21-4793-b175-3790dd7302eg: Остановил кликер атаки
2024-07-26 12:05:39 [INFO]: 18839b9b-5d21-4793-b175-3790dd7302eg: Остановил автоеду
2024-07-26 12:05:39 [INFO]: 18839b9b-5d21-4793-b175-3790dd7302eg: Остановил автофарм
2024-07-26 12:05:41 [INFO]: 18839b9b-5d21-4793-b175-3790dd7302eg: Запустил кликер атаки с интервалом 700
2024-07-26 12:05:41 [INFO]: 18839b9b-5d21-4793-b175-3790dd7302eg: Запустил автоеду
2024-07-26 12:05:41 [INFO]: 18839b9b-5d21-4793-b175-3790dd7302eg: Запустил автофарм
2024-07-26 12:05:44 [INFO]: 18839b9b-5d21-4793-b175-3790dd7302eg: Остановил кликер атаки
2024-07-26 12:05:44 [INFO]: 18839b9b-5d21-4793-b175-3790dd7302eg: Остановил автоеду
2024-07-26 12:05:44 [INFO]: 18839b9b-5d21-4793-b175-3790dd7302eg: Остановил автофарм
2024-07-26 12:05:49 [INFO]: 18839b9b-5d21-4793-b175-3790dd7302eg: Запустил кликер атаки с интервалом 700
2024-07-26 12:05:49 [INFO]: 18839b9b-5d21-4793-b175-3790dd7302eg: Запустил автоеду
2024-07-26 12:05:49 [INFO]: 18839b9b-5d21-4793-b175-3790dd7302eg: Запустил автофарм
2024-07-26 12:30:00 [INFO]: 18839b9b-5d21-4793-b175-3790dd7302eg: Зашёл на сервер 127.0.0.1
2024-07-26 12:30:00 [INFO]: 18839b9b-5d21-4793-b175-3790dd7302eg: Заспавнился на сервере 127.0.0.1
2024-07-26 12:30:01 [INFO]: 18839b9b-5d21-4793-b175-3790dd7302eg: Запустил кликер атаки с интервалом 700
2024-07-26 12:30:01 [INFO]: 18839b9b-5d21-4793-b175-3790dd7302eg: Запустил автоеду
2024-07-26 12:30:01 [INFO]: 18839b9b-5d21-4793-b175-3790dd7302eg: Запустил автофарм
2024-07-26 12:31:16 [INFO]: 18839b9b-5d21-4793-b175-3790dd7302eg: Зашёл на сервер 127.0.0.1
2024-07-26 12:31:16 [INFO]: 18839b9b-5d21-4793-b175-3790dd7302eg: Вышел с сервера 127.0.0.1
2024-07-26 12:31:17 [WARN]: 18839b9b-5d21-4793-b175-3790dd7302eg: Вышел с сервера 127.0.0.1
2024-07-26 12:31:49 [INFO]: 18839b9b-5d21-4793-b175-3790dd7302eg: Зашёл на сервер 127.0.0.1
2024-07-26 12:31:49 [INFO]: 18839b9b-5d21-4793-b175-3790dd7302eg: Заспавнился на сервере 127.0.0.1
2024-07-26 12:31:50 [INFO]: 18839b9b-5d21-4793-b175-3790dd7302eg: Запустил кликер атаки с интервалом 700
2024-07-26 12:31:50 [INFO]: 18839b9b-5d21-4793-b175-3790dd7302eg: Запустил автоеду
2024-07-26 12:31:50 [INFO]: 18839b9b-5d21-4793-b175-3790dd7302eg: Запустил автофарм
2024-07-26 12:32:30 [INFO]: 18839b9b-5d21-4793-b175-3790dd7302eg: Зашёл на сервер 127.0.0.1
2024-07-26 12:32:31 [INFO]: 18839b9b-5d21-4793-b175-3790dd7302eg: Заспавнился на сервере 127.0.0.1
2024-07-26 12:32:39 [INFO]: 18839b9b-5d21-4793-b175-3790dd7302eg: Запустил кликер атаки с интервалом 700
2024-07-26 12:32:39 [INFO]: 18839b9b-5d21-4793-b175-3790dd7302eg: Запустил автоеду
2024-07-26 12:32:39 [INFO]: 18839b9b-5d21-4793-b175-3790dd7302eg: Запустил автофарм
2024-07-26 12:35:22 [INFO]: 18839b9b-5d21-4793-b175-3790dd7302eg: Зашёл на сервер 127.0.0.1
2024-07-26 12:35:22 [INFO]: 18839b9b-5d21-4793-b175-3790dd7302eg: Заспавнился на сервере 127.0.0.1
2024-07-26 12:35:24 [INFO]: 18839b9b-5d21-4793-b175-3790dd7302eg: Запустил кликер атаки с интервалом 700
2024-07-26 12:35:24 [INFO]: 18839b9b-5d21-4793-b175-3790dd7302eg: Запустил автоеду
2024-07-26 12:35:24 [INFO]: 18839b9b-5d21-4793-b175-3790dd7302eg: Запустил автофарм
2024-07-26 12:36:24 [INFO]: 18839b9b-5d21-4793-b175-3790dd7302eg: Остановил кликер атаки
2024-07-26 12:36:24 [INFO]: 18839b9b-5d21-4793-b175-3790dd7302eg: Остановил автоеду
2024-07-26 12:36:24 [INFO]: 18839b9b-5d21-4793-b175-3790dd7302eg: Остановил автофарм
2024-07-26 12:36:25 [INFO]: 18839b9b-5d21-4793-b175-3790dd7302eg: Запустил кликер атаки с интервалом 700
2024-07-26 12:36:25 [INFO]: 18839b9b-5d21-4793-b175-3790dd7302eg: Запустил автоеду
2024-07-26 12:36:25 [INFO]: 18839b9b-5d21-4793-b175-3790dd7302eg: Запустил автофарм
2024-07-26 12:40:34 [INFO]: 18839b9b-5d21-4793-b175-3790dd7302eg: Зашёл на сервер 127.0.0.1
2024-07-26 12:40:34 [INFO]: 18839b9b-5d21-4793-b175-3790dd7302eg: Заспавнился на сервере 127.0.0.1
2024-07-26 12:40:40 [INFO]: 18839b9b-5d21-4793-b175-3790dd7302eg: Запустил кликер атаки с интервалом 700
2024-07-26 12:40:40 [INFO]: 18839b9b-5d21-4793-b175-3790dd7302eg: Запустил автоеду
2024-07-26 12:40:40 [INFO]: 18839b9b-5d21-4793-b175-3790dd7302eg: Запустил автофарм
2024-07-26 12:41:44 [INFO]: 18839b9b-5d21-4793-b175-3790dd7302eg: Получил сообщение Zancerio has made the advancement chat.square_brackets
2024-07-26 12:42:15 [INFO]: 18839b9b-5d21-4793-b175-3790dd7302eg: Запустил ходьбу вперед
2024-07-26 12:42:16 [INFO]: 18839b9b-5d21-4793-b175-3790dd7302eg: Остановил ходьбу вперед
2024-07-26 12:42:17 [INFO]: 18839b9b-5d21-4793-b175-3790dd7302eg: Начал прыжок
2024-07-26 12:42:17 [INFO]: 18839b9b-5d21-4793-b175-3790dd7302eg: Завершил прыжок
2024-07-26 12:42:18 [INFO]: 18839b9b-5d21-4793-b175-3790dd7302eg: Запустил ходьбу вперед
2024-07-26 12:42:18 [INFO]: 18839b9b-5d21-4793-b175-3790dd7302eg: Остановил ходьбу вперед
2024-07-26 12:42:20 [INFO]: 18839b9b-5d21-4793-b175-3790dd7302eg: Запустил ходьбу вперед
2024-07-26 12:42:20 [INFO]: 18839b9b-5d21-4793-b175-3790dd7302eg: Остановил ходьбу вперед
2024-07-26 12:42:20 [INFO]: 18839b9b-5d21-4793-b175-3790dd7302eg: Запустил ходьбу вперед
2024-07-26 12:42:20 [INFO]: 18839b9b-5d21-4793-b175-3790dd7302eg: Остановил ходьбу вперед
2024-07-26 12:42:21 [INFO]: 18839b9b-5d21-4793-b175-3790dd7302eg: Запустил ходьбу вперед
2024-07-26 12:42:21 [INFO]: 18839b9b-5d21-4793-b175-3790dd7302eg: Остановил ходьбу вперед
2024-07-26 12:42:22 [INFO]: 18839b9b-5d21-4793-b175-3790dd7302eg: Запустил ходьбу назад
2024-07-26 12:42:23 [INFO]: 18839b9b-5d21-4793-b175-3790dd7302eg: Остановил ходьбу назад
2024-07-26 12:42:23 [INFO]: 18839b9b-5d21-4793-b175-3790dd7302eg: Запустил ходьбу назад
2024-07-26 12:42:23 [INFO]: 18839b9b-5d21-4793-b175-3790dd7302eg: Остановил ходьбу назад
2024-07-26 12:42:53 [INFO]: 18839b9b-5d21-4793-b175-3790dd7302eg: Остановил кликер атаки
2024-07-26 12:42:53 [INFO]: 18839b9b-5d21-4793-b175-3790dd7302eg: Остановил автоеду
2024-07-26 12:42:53 [INFO]: 18839b9b-5d21-4793-b175-3790dd7302eg: Остановил автофарм
2024-07-26 12:42:53 [INFO]: 18839b9b-5d21-4793-b175-3790dd7302eg: Запустил кликер атаки с интервалом 700
2024-07-26 12:42:53 [INFO]: 18839b9b-5d21-4793-b175-3790dd7302eg: Запустил автоеду
2024-07-26 12:42:53 [INFO]: 18839b9b-5d21-4793-b175-3790dd7302eg: Запустил автофарм
2024-07-26 12:43:24 [INFO]: 18839b9b-5d21-4793-b175-3790dd7302eg: Зашёл на сервер 127.0.0.1
2024-07-26 12:43:24 [INFO]: 18839b9b-5d21-4793-b175-3790dd7302eg: Заспавнился на сервере 127.0.0.1
2024-07-26 12:43:41 [INFO]: 18839b9b-5d21-4793-b175-3790dd7302eg: Запустил кликер атаки с интервалом 700
2024-07-26 12:43:41 [INFO]: 18839b9b-5d21-4793-b175-3790dd7302eg: Запустил автоеду
2024-07-26 12:43:41 [INFO]: 18839b9b-5d21-4793-b175-3790dd7302eg: Запустил автофарм
2024-07-26 12:44:38 [INFO]: 18839b9b-5d21-4793-b175-3790dd7302eg: Зашёл на сервер 127.0.0.1
2024-07-26 12:44:39 [INFO]: 18839b9b-5d21-4793-b175-3790dd7302eg: Заспавнился на сервере 127.0.0.1
2024-07-26 12:44:40 [INFO]: 18839b9b-5d21-4793-b175-3790dd7302eg: Запустил кликер атаки с интервалом 700
2024-07-26 12:44:40 [INFO]: 18839b9b-5d21-4793-b175-3790dd7302eg: Запустил автоеду
2024-07-26 12:44:40 [INFO]: 18839b9b-5d21-4793-b175-3790dd7302eg: Запустил автофарм
2024-07-26 12:44:52 [INFO]: 18839b9b-5d21-4793-b175-3790dd7302eg: Запустил поворот головы UP
2024-07-26 12:44:54 [INFO]: 18839b9b-5d21-4793-b175-3790dd7302eg: Запустил остановил UP
2024-07-26 12:45:14 [INFO]: 18839b9b-5d21-4793-b175-3790dd7302eg: Запустил поворот головы UP
2024-07-26 12:45:15 [INFO]: 18839b9b-5d21-4793-b175-3790dd7302eg: Запустил остановил UP
2024-07-26 12:45:16 [INFO]: 18839b9b-5d21-4793-b175-3790dd7302eg: Запустил поворот головы UP
2024-07-26 12:45:17 [INFO]: 18839b9b-5d21-4793-b175-3790dd7302eg: Запустил остановил UP
2024-07-26 12:45:17 [INFO]: 18839b9b-5d21-4793-b175-3790dd7302eg: Запустил поворот головы UP
2024-07-26 12:45:17 [INFO]: 18839b9b-5d21-4793-b175-3790dd7302eg: Запустил остановил UP
2024-07-26 12:57:16 [INFO]: 18839b9b-5d21-4793-b175-3790dd7302eg: Зашёл на сервер 127.0.0.1
2024-07-26 12:57:16 [INFO]: 18839b9b-5d21-4793-b175-3790dd7302eg: Заспавнился на сервере 127.0.0.1
2024-07-26 12:57:18 [INFO]: 18839b9b-5d21-4793-b175-3790dd7302eg: Запустил кликер атаки с интервалом 700
2024-07-26 12:57:18 [INFO]: 18839b9b-5d21-4793-b175-3790dd7302eg: Запустил автоеду
2024-07-26 12:57:18 [INFO]: 18839b9b-5d21-4793-b175-3790dd7302eg: Запустил автофарм
2024-07-26 12:57:56 [INFO]: 18839b9b-5d21-4793-b175-3790dd7302eg: Зашёл на сервер 127.0.0.1
2024-07-26 12:57:56 [INFO]: 18839b9b-5d21-4793-b175-3790dd7302eg: Заспавнился на сервере 127.0.0.1
2024-07-26 12:57:58 [INFO]: 18839b9b-5d21-4793-b175-3790dd7302eg: Запустил кликер атаки с интервалом 700
2024-07-26 12:57:58 [INFO]: 18839b9b-5d21-4793-b175-3790dd7302eg: Запустил автоеду
2024-07-26 12:57:58 [INFO]: 18839b9b-5d21-4793-b175-3790dd7302eg: Запустил автофарм
2024-07-26 13:12:27 [INFO]: 18839b9b-5d21-4793-b175-3790dd7302eg: Зашёл на сервер 127.0.0.1
2024-07-26 13:12:28 [INFO]: 18839b9b-5d21-4793-b175-3790dd7302eg: Заспавнился на сервере 127.0.0.1
2024-07-26 13:12:28 [INFO]: 18839b9b-5d21-4793-b175-3790dd7302eg: Запустил кликер атаки с интервалом 700
2024-07-26 13:12:28 [INFO]: 18839b9b-5d21-4793-b175-3790dd7302eg: Запустил автоеду
2024-07-26 13:12:28 [INFO]: 18839b9b-5d21-4793-b175-3790dd7302eg: Запустил автофарм
2024-07-26 13:18:36 [INFO]: 18839b9b-5d21-4793-b175-3790dd7302eg: Зашёл на сервер 127.0.0.1
2024-07-26 13:18:36 [INFO]: 18839b9b-5d21-4793-b175-3790dd7302eg: Заспавнился на сервере 127.0.0.1
2024-07-26 13:18:37 [INFO]: 18839b9b-5d21-4793-b175-3790dd7302eg: Запустил кликер атаки с интервалом 700
2024-07-26 13:18:37 [INFO]: 18839b9b-5d21-4793-b175-3790dd7302eg: Запустил автоеду
2024-07-26 13:18:37 [INFO]: 18839b9b-5d21-4793-b175-3790dd7302eg: Запустил автофарм
2024-07-26 13:19:43 [INFO]: 18839b9b-5d21-4793-b175-3790dd7302eg: Зашёл на сервер 127.0.0.1
2024-07-26 13:19:43 [INFO]: 18839b9b-5d21-4793-b175-3790dd7302eg: Заспавнился на сервере 127.0.0.1
2024-07-26 13:19:44 [INFO]: 18839b9b-5d21-4793-b175-3790dd7302eg: Запустил кликер атаки с интервалом 700
2024-07-26 13:19:44 [INFO]: 18839b9b-5d21-4793-b175-3790dd7302eg: Запустил автоеду
2024-07-26 13:19:44 [INFO]: 18839b9b-5d21-4793-b175-3790dd7302eg: Запустил автофарм
2024-07-26 13:21:22 [INFO]: 18839b9b-5d21-4793-b175-3790dd7302eg: Зашёл на сервер 127.0.0.1
2024-07-26 13:21:22 [INFO]: 18839b9b-5d21-4793-b175-3790dd7302eg: Заспавнился на сервере 127.0.0.1
2024-07-26 13:21:23 [INFO]: 18839b9b-5d21-4793-b175-3790dd7302eg: Запустил кликер атаки с интервалом 700
2024-07-26 13:21:23 [INFO]: 18839b9b-5d21-4793-b175-3790dd7302eg: Запустил автоеду
2024-07-26 13:21:23 [INFO]: 18839b9b-5d21-4793-b175-3790dd7302eg: Запустил автофарм
2024-07-26 13:21:38 [INFO]: 18839b9b-5d21-4793-b175-3790dd7302eg: Зашёл на сервер 127.0.0.1
2024-07-26 13:21:38 [INFO]: 18839b9b-5d21-4793-b175-3790dd7302eg: Заспавнился на сервере 127.0.0.1
2024-07-26 13:22:20 [INFO]: 18839b9b-5d21-4793-b175-3790dd7302eg: Зашёл на сервер 127.0.0.1
2024-07-26 13:22:20 [INFO]: 18839b9b-5d21-4793-b175-3790dd7302eg: Заспавнился на сервере 127.0.0.1
2024-07-26 13:22:23 [INFO]: 18839b9b-5d21-4793-b175-3790dd7302eg: Запустил кликер атаки с интервалом 700
2024-07-26 13:22:23 [INFO]: 18839b9b-5d21-4793-b175-3790dd7302eg: Запустил автоеду
2024-07-26 13:22:23 [INFO]: 18839b9b-5d21-4793-b175-3790dd7302eg: Запустил автофарм
2024-07-26 13:22:23 [INFO]: 18839b9b-5d21-4793-b175-3790dd7302eg: Запустил кликер атаки с интервалом 700
2024-07-26 13:22:23 [INFO]: 18839b9b-5d21-4793-b175-3790dd7302eg: Запустил автоеду
2024-07-26 13:22:23 [INFO]: 18839b9b-5d21-4793-b175-3790dd7302eg: Запустил автофарм
2024-07-26 13:22:23 [INFO]: 18839b9b-5d21-4793-b175-3790dd7302eg: Запустил кликер атаки с интервалом 700
2024-07-26 13:22:23 [INFO]: 18839b9b-5d21-4793-b175-3790dd7302eg: Запустил автоеду
2024-07-26 13:22:23 [INFO]: 18839b9b-5d21-4793-b175-3790dd7302eg: Запустил автофарм
2024-07-26 13:22:52 [INFO]: 18839b9b-5d21-4793-b175-3790dd7302eg: Зашёл на сервер 127.0.0.1
2024-07-26 13:22:53 [INFO]: 18839b9b-5d21-4793-b175-3790dd7302eg: Заспавнился на сервере 127.0.0.1
2024-07-26 13:22:53 [INFO]: 18839b9b-5d21-4793-b175-3790dd7302eg: Запустил кликер атаки с интервалом 700
2024-07-26 13:22:53 [INFO]: 18839b9b-5d21-4793-b175-3790dd7302eg: Запустил автоеду
2024-07-26 13:22:53 [INFO]: 18839b9b-5d21-4793-b175-3790dd7302eg: Запустил автофарм
2024-07-26 13:22:57 [INFO]: 18839b9b-5d21-4793-b175-3790dd7302eg: Остановил кликер атаки
2024-07-26 13:22:57 [INFO]: 18839b9b-5d21-4793-b175-3790dd7302eg: Остановил автоеду
2024-07-26 13:22:57 [INFO]: 18839b9b-5d21-4793-b175-3790dd7302eg: Остановил автофарм
2024-07-26 13:22:57 [INFO]: 18839b9b-5d21-4793-b175-3790dd7302eg: Запустил кликер атаки с интервалом 700
2024-07-26 13:22:57 [INFO]: 18839b9b-5d21-4793-b175-3790dd7302eg: Запустил автоеду
2024-07-26 13:22:57 [INFO]: 18839b9b-5d21-4793-b175-3790dd7302eg: Запустил автофарм
2024-07-26 13:23:30 [INFO]: 18839b9b-5d21-4793-b175-3790dd7302eg: Запустил поворот головы DOWN
2024-07-26 13:23:31 [INFO]: 18839b9b-5d21-4793-b175-3790dd7302eg: Запустил остановил DOWN
2024-07-26 13:23:33 [INFO]: 18839b9b-5d21-4793-b175-3790dd7302eg: Запустил поворот головы DOWN
2024-07-26 13:23:37 [INFO]: 18839b9b-5d21-4793-b175-3790dd7302eg: Запустил остановил DOWN
2024-07-26 13:23:38 [INFO]: 18839b9b-5d21-4793-b175-3790dd7302eg: Запустил поворот головы UP
2024-07-26 13:23:39 [INFO]: 18839b9b-5d21-4793-b175-3790dd7302eg: Запустил остановил UP
2024-07-26 13:23:46 [INFO]: 18839b9b-5d21-4793-b175-3790dd7302eg: Запустил поворот головы DOWN
2024-07-26 13:23:46 [INFO]: 18839b9b-5d21-4793-b175-3790dd7302eg: Запустил остановил DOWN
2024-07-26 13:24:22 [INFO]: 18839b9b-5d21-4793-b175-3790dd7302eg: Зашёл на сервер 127.0.0.1
2024-07-26 13:24:23 [INFO]: 18839b9b-5d21-4793-b175-3790dd7302eg: Заспавнился на сервере 127.0.0.1
2024-07-26 13:24:23 [INFO]: 18839b9b-5d21-4793-b175-3790dd7302eg: Запустил кликер атаки с интервалом 700
2024-07-26 13:24:23 [INFO]: 18839b9b-5d21-4793-b175-3790dd7302eg: Запустил автоеду
2024-07-26 13:24:23 [INFO]: 18839b9b-5d21-4793-b175-3790dd7302eg: Запустил автофарм
2024-07-26 13:25:02 [INFO]: 18839b9b-5d21-4793-b175-3790dd7302eg: Зашёл на сервер 127.0.0.1
2024-07-26 13:25:03 [INFO]: 18839b9b-5d21-4793-b175-3790dd7302eg: Заспавнился на сервере 127.0.0.1
2024-07-26 13:25:03 [INFO]: 18839b9b-5d21-4793-b175-3790dd7302eg: Запустил кликер атаки с интервалом 700
2024-07-26 13:25:03 [INFO]: 18839b9b-5d21-4793-b175-3790dd7302eg: Запустил автоеду
2024-07-26 13:25:03 [INFO]: 18839b9b-5d21-4793-b175-3790dd7302eg: Запустил автофарм
2024-07-26 13:25:54 [INFO]: 18839b9b-5d21-4793-b175-3790dd7302eg: Запустил поворот головы RIGHT
2024-07-26 13:25:57 [INFO]: 18839b9b-5d21-4793-b175-3790dd7302eg: Запустил остановил RIGHT
2024-07-26 13:32:51 [INFO]: 18839b9b-5d21-4793-b175-3790dd7302eg: Зашёл на сервер 127.0.0.1
2024-07-26 13:32:51 [INFO]: 18839b9b-5d21-4793-b175-3790dd7302eg: Заспавнился на сервере 127.0.0.1
2024-07-26 13:32:52 [INFO]: 18839b9b-5d21-4793-b175-3790dd7302eg: Запустил поворот головы RIGHT
2024-07-26 13:32:56 [INFO]: 18839b9b-5d21-4793-b175-3790dd7302eg: Запустил остановил RIGHT
2024-07-26 13:32:56 [INFO]: 18839b9b-5d21-4793-b175-3790dd7302eg: Запустил кликер атаки с интервалом 700
2024-07-26 13:32:56 [INFO]: 18839b9b-5d21-4793-b175-3790dd7302eg: Запустил автоеду
2024-07-26 13:32:56 [INFO]: 18839b9b-5d21-4793-b175-3790dd7302eg: Запустил автофарм
2024-07-26 13:34:00 [INFO]: 18839b9b-5d21-4793-b175-3790dd7302eg: Зашёл на сервер 127.0.0.1
2024-07-26 13:34:00 [INFO]: 18839b9b-5d21-4793-b175-3790dd7302eg: Запустил кликер атаки с интервалом 700
2024-07-26 13:34:00 [INFO]: 18839b9b-5d21-4793-b175-3790dd7302eg: Запустил автоеду
2024-07-26 13:34:00 [INFO]: 18839b9b-5d21-4793-b175-3790dd7302eg: Запустил автофарм
2024-07-26 13:34:01 [INFO]: 18839b9b-5d21-4793-b175-3790dd7302eg: Заспавнился на сервере 127.0.0.1
2024-07-26 13:34:16 [INFO]: 18839b9b-5d21-4793-b175-3790dd7302eg: Запустил ходьбу вперед
2024-07-26 13:34:16 [INFO]: 18839b9b-5d21-4793-b175-3790dd7302eg: Остановил ходьбу вперед
2024-07-26 13:34:16 [INFO]: 18839b9b-5d21-4793-b175-3790dd7302eg: Запустил ходьбу вперед
2024-07-26 13:34:16 [INFO]: 18839b9b-5d21-4793-b175-3790dd7302eg: Остановил ходьбу вперед
2024-07-26 13:34:16 [INFO]: 18839b9b-5d21-4793-b175-3790dd7302eg: Запустил ходьбу вперед
2024-07-26 13:34:16 [INFO]: 18839b9b-5d21-4793-b175-3790dd7302eg: Остановил ходьбу вперед
2024-07-26 13:34:16 [INFO]: 18839b9b-5d21-4793-b175-3790dd7302eg: Запустил ходьбу вперед
2024-07-26 13:34:16 [INFO]: 18839b9b-5d21-4793-b175-3790dd7302eg: Остановил ходьбу вперед
2024-07-26 13:34:17 [INFO]: 18839b9b-5d21-4793-b175-3790dd7302eg: Запустил ходьбу вперед
2024-07-26 13:34:17 [INFO]: 18839b9b-5d21-4793-b175-3790dd7302eg: Остановил ходьбу вперед
2024-07-26 13:34:17 [INFO]: 18839b9b-5d21-4793-b175-3790dd7302eg: Запустил ходьбу вперед
2024-07-26 13:34:17 [INFO]: 18839b9b-5d21-4793-b175-3790dd7302eg: Остановил ходьбу вперед
2024-07-26 13:34:17 [INFO]: 18839b9b-5d21-4793-b175-3790dd7302eg: Запустил ходьбу вперед
2024-07-26 13:34:17 [INFO]: 18839b9b-5d21-4793-b175-3790dd7302eg: Остановил ходьбу вперед
2024-07-26 13:34:18 [INFO]: 18839b9b-5d21-4793-b175-3790dd7302eg: Запустил поворот головы RIGHT
2024-07-26 13:34:18 [INFO]: 18839b9b-5d21-4793-b175-3790dd7302eg: Запустил остановил RIGHT
2024-07-26 13:34:19 [INFO]: 18839b9b-5d21-4793-b175-3790dd7302eg: Запустил ходьбу вправо
2024-07-26 13:34:19 [INFO]: 18839b9b-5d21-4793-b175-3790dd7302eg: Остановил ходьбу вправо
2024-07-26 13:34:19 [INFO]: 18839b9b-5d21-4793-b175-3790dd7302eg: Запустил ходьбу вправо
2024-07-26 13:34:19 [INFO]: 18839b9b-5d21-4793-b175-3790dd7302eg: Остановил ходьбу вправо
2024-07-26 13:34:21 [INFO]: 18839b9b-5d21-4793-b175-3790dd7302eg: Запустил поворот головы LEFT
2024-07-26 13:34:21 [INFO]: 18839b9b-5d21-4793-b175-3790dd7302eg: Запустил остановил LEFT
2024-07-26 13:34:21 [INFO]: 18839b9b-5d21-4793-b175-3790dd7302eg: Запустил поворот головы LEFT
2024-07-26 13:34:21 [INFO]: 18839b9b-5d21-4793-b175-3790dd7302eg: Запустил остановил LEFT
2024-07-26 13:34:21 [INFO]: 18839b9b-5d21-4793-b175-3790dd7302eg: Запустил поворот головы LEFT
2024-07-26 13:34:21 [INFO]: 18839b9b-5d21-4793-b175-3790dd7302eg: Запустил остановил LEFT
2024-07-26 13:34:26 [INFO]: 18839b9b-5d21-4793-b175-3790dd7302eg: Запустил поворот головы LEFT
2024-07-26 13:34:26 [INFO]: 18839b9b-5d21-4793-b175-3790dd7302eg: Запустил остановил LEFT
2024-07-26 13:34:26 [INFO]: 18839b9b-5d21-4793-b175-3790dd7302eg: Запустил поворот головы LEFT
2024-07-26 13:34:26 [INFO]: 18839b9b-5d21-4793-b175-3790dd7302eg: Запустил остановил LEFT
2024-07-26 13:34:26 [INFO]: 18839b9b-5d21-4793-b175-3790dd7302eg: Запустил поворот головы LEFT
2024-07-26 13:34:26 [INFO]: 18839b9b-5d21-4793-b175-3790dd7302eg: Запустил остановил LEFT
2024-07-26 13:34:27 [INFO]: 18839b9b-5d21-4793-b175-3790dd7302eg: Запустил поворот головы LEFT
2024-07-26 13:34:27 [INFO]: 18839b9b-5d21-4793-b175-3790dd7302eg: Запустил остановил LEFT
2024-07-26 13:34:28 [INFO]: 18839b9b-5d21-4793-b175-3790dd7302eg: Запустил поворот головы LEFT
2024-07-26 13:34:28 [INFO]: 18839b9b-5d21-4793-b175-3790dd7302eg: Запустил остановил LEFT
2024-07-26 13:34:29 [INFO]: 18839b9b-5d21-4793-b175-3790dd7302eg: Запустил ходьбу влево
2024-07-26 13:34:30 [INFO]: 18839b9b-5d21-4793-b175-3790dd7302eg: Остановил ходьбу влево
2024-07-26 13:34:31 [INFO]: 18839b9b-5d21-4793-b175-3790dd7302eg: Запустил ходьбу вправо
2024-07-26 13:34:31 [INFO]: 18839b9b-5d21-4793-b175-3790dd7302eg: Остановил ходьбу вправо
2024-07-26 13:34:31 [INFO]: 18839b9b-5d21-4793-b175-3790dd7302eg: Запустил ходьбу вправо
2024-07-26 13:34:31 [INFO]: 18839b9b-5d21-4793-b175-3790dd7302eg: Остановил ходьбу вправо
2024-07-26 13:34:32 [INFO]: 18839b9b-5d21-4793-b175-3790dd7302eg: Запустил ходьбу вправо
2024-07-26 13:34:32 [INFO]: 18839b9b-5d21-4793-b175-3790dd7302eg: Остановил ходьбу вправо
2024-07-26 13:34:34 [INFO]: 18839b9b-5d21-4793-b175-3790dd7302eg: Запустил ходьбу влево
2024-07-26 13:34:34 [INFO]: 18839b9b-5d21-4793-b175-3790dd7302eg: Остановил ходьбу влево
2024-07-26 13:34:35 [INFO]: 18839b9b-5d21-4793-b175-3790dd7302eg: Запустил ходьбу вправо
2024-07-26 13:34:35 [INFO]: 18839b9b-5d21-4793-b175-3790dd7302eg: Остановил ходьбу вправо
2024-07-26 13:34:36 [INFO]: 18839b9b-5d21-4793-b175-3790dd7302eg: Запустил ходьбу вправо
2024-07-26 13:34:36 [INFO]: 18839b9b-5d21-4793-b175-3790dd7302eg: Остановил ходьбу вправо
2024-07-26 13:34:36 [INFO]: 18839b9b-5d21-4793-b175-3790dd7302eg: Запустил ходьбу вправо
2024-07-26 13:34:36 [INFO]: 18839b9b-5d21-4793-b175-3790dd7302eg: Остановил ходьбу вправо
2024-07-26 13:34:37 [INFO]: 18839b9b-5d21-4793-b175-3790dd7302eg: Запустил ходьбу вправо
2024-07-26 13:34:37 [INFO]: 18839b9b-5d21-4793-b175-3790dd7302eg: Остановил ходьбу вправо
2024-07-26 13:34:39 [INFO]: 18839b9b-5d21-4793-b175-3790dd7302eg: Запустил поворот головы UP
2024-07-26 13:34:39 [INFO]: 18839b9b-5d21-4793-b175-3790dd7302eg: Запустил остановил UP
2024-07-26 13:34:39 [INFO]: 18839b9b-5d21-4793-b175-3790dd7302eg: Запустил поворот головы UP
2024-07-26 13:34:39 [INFO]: 18839b9b-5d21-4793-b175-3790dd7302eg: Запустил остановил UP
2024-07-26 13:34:39 [INFO]: 18839b9b-5d21-4793-b175-3790dd7302eg: Запустил поворот головы UP
2024-07-26 13:34:40 [INFO]: 18839b9b-5d21-4793-b175-3790dd7302eg: Запустил остановил UP
2024-07-26 13:34:40 [INFO]: 18839b9b-5d21-4793-b175-3790dd7302eg: Запустил поворот головы UP
2024-07-26 13:34:40 [INFO]: 18839b9b-5d21-4793-b175-3790dd7302eg: Запустил остановил UP
2024-07-26 13:34:40 [INFO]: 18839b9b-5d21-4793-b175-3790dd7302eg: Запустил поворот головы UP
2024-07-26 13:34:40 [INFO]: 18839b9b-5d21-4793-b175-3790dd7302eg: Запустил остановил UP
2024-07-26 13:34:41 [INFO]: 18839b9b-5d21-4793-b175-3790dd7302eg: Запустил поворот головы DOWN
2024-07-26 13:34:41 [INFO]: 18839b9b-5d21-4793-b175-3790dd7302eg: Запустил остановил DOWN
2024-07-26 13:34:41 [INFO]: 18839b9b-5d21-4793-b175-3790dd7302eg: Запустил поворот головы DOWN
2024-07-26 13:34:41 [INFO]: 18839b9b-5d21-4793-b175-3790dd7302eg: Запустил остановил DOWN
2024-07-26 13:34:42 [INFO]: 18839b9b-5d21-4793-b175-3790dd7302eg: Запустил поворот головы DOWN
2024-07-26 13:34:42 [INFO]: 18839b9b-5d21-4793-b175-3790dd7302eg: Запустил остановил DOWN
2024-07-26 13:34:42 [INFO]: 18839b9b-5d21-4793-b175-3790dd7302eg: Запустил поворот головы DOWN
2024-07-26 13:34:42 [INFO]: 18839b9b-5d21-4793-b175-3790dd7302eg: Запустил остановил DOWN
2024-07-26 13:34:42 [INFO]: 18839b9b-5d21-4793-b175-3790dd7302eg: Запустил поворот головы DOWN
2024-07-26 13:34:42 [INFO]: 18839b9b-5d21-4793-b175-3790dd7302eg: Запустил остановил DOWN
2024-07-26 13:34:48 [INFO]: 18839b9b-5d21-4793-b175-3790dd7302eg: Запустил поворот головы LEFT
2024-07-26 13:34:50 [INFO]: 18839b9b-5d21-4793-b175-3790dd7302eg: Запустил остановил LEFT
2024-07-26 13:34:51 [INFO]: 18839b9b-5d21-4793-b175-3790dd7302eg: Запустил поворот головы RIGHT
2024-07-26 13:34:54 [INFO]: 18839b9b-5d21-4793-b175-3790dd7302eg: Запустил остановил RIGHT
2024-07-26 13:34:55 [INFO]: 18839b9b-5d21-4793-b175-3790dd7302eg: Запустил поворот головы RIGHT
2024-07-26 13:34:56 [INFO]: 18839b9b-5d21-4793-b175-3790dd7302eg: Запустил остановил RIGHT
2024-07-26 13:34:56 [INFO]: 18839b9b-5d21-4793-b175-3790dd7302eg: Запустил поворот головы RIGHT
2024-07-26 13:34:56 [INFO]: 18839b9b-5d21-4793-b175-3790dd7302eg: Запустил остановил RIGHT
2024-07-26 13:34:56 [INFO]: 18839b9b-5d21-4793-b175-3790dd7302eg: Запустил поворот головы LEFT
2024-07-26 13:34:57 [INFO]: 18839b9b-5d21-4793-b175-3790dd7302eg: Запустил остановил LEFT
2024-07-26 13:34:57 [INFO]: 18839b9b-5d21-4793-b175-3790dd7302eg: Запустил поворот головы LEFT
2024-07-26 13:34:57 [INFO]: 18839b9b-5d21-4793-b175-3790dd7302eg: Запустил остановил LEFT
2024-07-26 13:34:57 [INFO]: 18839b9b-5d21-4793-b175-3790dd7302eg: Запустил поворот головы LEFT
2024-07-26 13:34:57 [INFO]: 18839b9b-5d21-4793-b175-3790dd7302eg: Запустил остановил LEFT
2024-07-26 13:34:57 [INFO]: 18839b9b-5d21-4793-b175-3790dd7302eg: Запустил поворот головы LEFT
2024-07-26 13:34:57 [INFO]: 18839b9b-5d21-4793-b175-3790dd7302eg: Запустил остановил LEFT
2024-07-26 13:34:58 [INFO]: 18839b9b-5d21-4793-b175-3790dd7302eg: Запустил поворот головы LEFT
2024-07-26 13:34:58 [INFO]: 18839b9b-5d21-4793-b175-3790dd7302eg: Запустил остановил LEFT
2024-07-26 13:34:58 [INFO]: 18839b9b-5d21-4793-b175-3790dd7302eg: Запустил поворот головы LEFT
2024-07-26 13:34:58 [INFO]: 18839b9b-5d21-4793-b175-3790dd7302eg: Запустил остановил LEFT
2024-07-26 13:34:58 [INFO]: 18839b9b-5d21-4793-b175-3790dd7302eg: Запустил поворот головы LEFT
2024-07-26 13:34:58 [INFO]: 18839b9b-5d21-4793-b175-3790dd7302eg: Запустил остановил LEFT
2024-07-26 13:34:58 [INFO]: 18839b9b-5d21-4793-b175-3790dd7302eg: Запустил поворот головы LEFT
2024-07-26 13:34:58 [INFO]: 18839b9b-5d21-4793-b175-3790dd7302eg: Запустил остановил LEFT
2024-07-26 13:34:58 [INFO]: 18839b9b-5d21-4793-b175-3790dd7302eg: Запустил поворот головы LEFT
2024-07-26 13:34:58 [INFO]: 18839b9b-5d21-4793-b175-3790dd7302eg: Запустил остановил LEFT
2024-07-26 13:35:28 [INFO]: 18839b9b-5d21-4793-b175-3790dd7302eg: Зашёл на сервер 127.0.0.1
2024-07-26 13:35:29 [INFO]: 18839b9b-5d21-4793-b175-3790dd7302eg: Заспавнился на сервере 127.0.0.1
2024-07-26 13:35:29 [INFO]: 18839b9b-5d21-4793-b175-3790dd7302eg: Запустил поворот головы LEFT
2024-07-26 13:35:30 [INFO]: 18839b9b-5d21-4793-b175-3790dd7302eg: Запустил остановил LEFT
2024-07-26 13:35:32 [INFO]: 18839b9b-5d21-4793-b175-3790dd7302eg: Запустил поворот головы LEFT
2024-07-26 13:35:35 [INFO]: 18839b9b-5d21-4793-b175-3790dd7302eg: Запустил остановил LEFT
2024-07-26 13:35:36 [INFO]: 18839b9b-5d21-4793-b175-3790dd7302eg: Запустил кликер атаки с интервалом 700
2024-07-26 13:35:36 [INFO]: 18839b9b-5d21-4793-b175-3790dd7302eg: Запустил автоеду
2024-07-26 13:35:36 [INFO]: 18839b9b-5d21-4793-b175-3790dd7302eg: Запустил автофарм
2024-07-26 13:39:44 [INFO]: 18839b9b-5d21-4793-b175-3790dd7302eg: Зашёл на сервер 127.0.0.1
2024-07-26 13:39:45 [INFO]: 18839b9b-5d21-4793-b175-3790dd7302eg: Запустил кликер атаки с интервалом 700
2024-07-26 13:39:45 [INFO]: 18839b9b-5d21-4793-b175-3790dd7302eg: Запустил автоеду
2024-07-26 13:39:45 [INFO]: 18839b9b-5d21-4793-b175-3790dd7302eg: Запустил автофарм
2024-07-26 13:39:45 [INFO]: 18839b9b-5d21-4793-b175-3790dd7302eg: Заспавнился на сервере 127.0.0.1
2024-07-26 13:39:53 [INFO]: 18839b9b-5d21-4793-b175-3790dd7302eg: Остановил кликер атаки
2024-07-26 13:39:53 [INFO]: 18839b9b-5d21-4793-b175-3790dd7302eg: Остановил автоеду
2024-07-26 13:39:53 [INFO]: 18839b9b-5d21-4793-b175-3790dd7302eg: Остановил автофарм
2024-07-26 13:39:57 [INFO]: 18839b9b-5d21-4793-b175-3790dd7302eg: Запустил кликер атаки с интервалом 700
2024-07-26 13:39:57 [INFO]: 18839b9b-5d21-4793-b175-3790dd7302eg: Запустил автоеду
2024-07-26 13:39:57 [INFO]: 18839b9b-5d21-4793-b175-3790dd7302eg: Запустил автофарм
